<?xml version="1.0" encoding="UTF-8"?>
<!-- Generated by org.testng.reporters.JUnitReportReporter -->
<testsuite hostname="LAPTOP-V2EFQHVH" failures="0" tests="1" name="com.actitime.testscript.ProjectModule" time="14.457" errors="0" timestamp="2024-03-21T05:24:52 IST" skipped="0">
  <testcase classname="com.actitime.testscript.ProjectModule" name="createproject" time="14.457"/>
  <system-out/>
</testsuite> <!-- com.actitime.testscript.ProjectModule -->
