<?xml version="1.0" encoding="UTF-8"?>
<!-- Generated by org.testng.reporters.JUnitReportReporter -->
<testsuite hostname="LAPTOP-V2EFQHVH" failures="0" tests="1" name="com.actitime.testscript.CustomerModule" time="12.349" errors="0" timestamp="2024-03-20T20:24:16 IST" skipped="0">
  <testcase classname="com.actitime.testscript.CustomerModule" name="createcustomer" time="12.349"/>
  <system-out/>
</testsuite> <!-- com.actitime.testscript.CustomerModule -->
