<?xml version="1.0" encoding="UTF-8"?>
<!-- Generated by org.testng.reporters.JUnitReportReporter -->
<testsuite hostname="LAPTOP-V2EFQHVH" failures="0" tests="1" name="com.actitime.testscript.UserModule" time="21.331" errors="0" timestamp="2024-04-16T11:14:06 IST" skipped="0">
  <testcase classname="com.actitime.testscript.UserModule" name="createUser" time="21.331"/>
  <system-out/>
</testsuite> <!-- com.actitime.testscript.UserModule -->
