<?xml version="1.0" encoding="UTF-8"?>
<!-- Generated by org.testng.reporters.JUnitReportReporter -->
<testsuite hostname="LAPTOP-V2EFQHVH" failures="0" tests="1" name="com.actitime.testscript.CustomerModule" time="14.477" errors="0" timestamp="2024-04-16T10:27:32 IST" skipped="0">
  <testcase classname="com.actitime.testscript.CustomerModule" name="createcustomer" time="14.477"/>
  <system-out>
    <![CDATA[createcustomer has got passed ]]>
  </system-out>
</testsuite> <!-- com.actitime.testscript.CustomerModule -->
